0 info it worked if it ends with ok
1 verbose cli [ 'C:\\Program Files\\nodejs\\node.exe',
1 verbose cli   'C:\\Users\\Cale\\AppData\\Roaming\\npm\\node_modules\\npm\\bin\\npm-cli.js',
1 verbose cli   'install',
1 verbose cli   'moment.js' ]
2 info using npm@4.1.1
3 info using node@v10.15.0
4 silly loadCurrentTree Starting
5 silly install loadCurrentTree
6 silly install readLocalPackageData
7 silly fetchPackageMetaData moment.js
8 silly fetchNamedPackageData moment.js
9 silly mapToRegistry name moment.js
10 silly mapToRegistry using default registry
11 silly mapToRegistry registry https://registry.npmjs.org/
12 silly mapToRegistry data Result {
12 silly mapToRegistry   raw: 'moment.js',
12 silly mapToRegistry   scope: null,
12 silly mapToRegistry   escapedName: 'moment.js',
12 silly mapToRegistry   name: 'moment.js',
12 silly mapToRegistry   rawSpec: '',
12 silly mapToRegistry   spec: 'latest',
12 silly mapToRegistry   type: 'tag' }
13 silly mapToRegistry uri https://registry.npmjs.org/moment.js
14 verbose request uri https://registry.npmjs.org/moment.js
15 verbose request no auth needed
16 info attempt registry request try #1 at 8:50:16 PM
17 verbose request id 700fa20a559beb84
18 http request GET https://registry.npmjs.org/moment.js
19 http 404 https://registry.npmjs.org/moment.js
20 verbose headers { date: 'Tue, 02 Apr 2019 00:50:15 GMT',
20 verbose headers   'content-type': 'application/json',
20 verbose headers   'content-length': '21',
20 verbose headers   connection: 'keep-alive',
20 verbose headers   'set-cookie':
20 verbose headers    [ '__cfduid=d3a6b02e1609130303521f0360731752a1554166215; expires=Wed, 01-Apr-20 00:50:15 GMT; path=/; domain=.registry.npmjs.org; HttpOnly' ],
20 verbose headers   'cf-cache-status': 'MISS',
20 verbose headers   'cache-control': 'max-age=300',
20 verbose headers   'cf-ray': '4c0ecebe1ef63816-ATL',
20 verbose headers   'expect-ct':
20 verbose headers    'max-age=604800, report-uri="https://report-uri.cloudflare.com/cdn-cgi/beacon/expect-ct"',
20 verbose headers   vary: 'accept-encoding, accept',
20 verbose headers   server: 'cloudflare' }
21 silly get cb [ 404,
21 silly get   { date: 'Tue, 02 Apr 2019 00:50:15 GMT',
21 silly get     'content-type': 'application/json',
21 silly get     'content-length': '21',
21 silly get     connection: 'keep-alive',
21 silly get     'set-cookie':
21 silly get      [ '__cfduid=d3a6b02e1609130303521f0360731752a1554166215; expires=Wed, 01-Apr-20 00:50:15 GMT; path=/; domain=.registry.npmjs.org; HttpOnly' ],
21 silly get     'cf-cache-status': 'MISS',
21 silly get     'cache-control': 'max-age=300',
21 silly get     'cf-ray': '4c0ecebe1ef63816-ATL',
21 silly get     'expect-ct':
21 silly get      'max-age=604800, report-uri="https://report-uri.cloudflare.com/cdn-cgi/beacon/expect-ct"',
21 silly get     vary: 'accept-encoding, accept',
21 silly get     server: 'cloudflare' } ]
22 silly fetchPackageMetaData Error: Not found : moment.js
22 silly fetchPackageMetaData     at makeError (C:\Users\Cale\AppData\Roaming\npm\node_modules\npm\node_modules\npm-registry-client\lib\request.js:304:12)
22 silly fetchPackageMetaData     at CachingRegistryClient.<anonymous> (C:\Users\Cale\AppData\Roaming\npm\node_modules\npm\node_modules\npm-registry-client\lib\request.js:292:14)
22 silly fetchPackageMetaData     at Request._callback (C:\Users\Cale\AppData\Roaming\npm\node_modules\npm\node_modules\npm-registry-client\lib\request.js:212:14)
22 silly fetchPackageMetaData     at Request.self.callback (C:\Users\Cale\AppData\Roaming\npm\node_modules\npm\node_modules\request\request.js:186:22)
22 silly fetchPackageMetaData     at Request.emit (events.js:182:13)
22 silly fetchPackageMetaData     at Request.<anonymous> (C:\Users\Cale\AppData\Roaming\npm\node_modules\npm\node_modules\request\request.js:1081:10)
22 silly fetchPackageMetaData     at Request.emit (events.js:182:13)
22 silly fetchPackageMetaData     at IncomingMessage.<anonymous> (C:\Users\Cale\AppData\Roaming\npm\node_modules\npm\node_modules\request\request.js:1001:12)
22 silly fetchPackageMetaData     at Object.onceWrapper (events.js:273:13)
22 silly fetchPackageMetaData     at IncomingMessage.emit (events.js:187:15)
22 silly fetchPackageMetaData  error for moment.js { Error: Not found : moment.js
22 silly fetchPackageMetaData     at makeError (C:\Users\Cale\AppData\Roaming\npm\node_modules\npm\node_modules\npm-registry-client\lib\request.js:304:12)
22 silly fetchPackageMetaData     at CachingRegistryClient.<anonymous> (C:\Users\Cale\AppData\Roaming\npm\node_modules\npm\node_modules\npm-registry-client\lib\request.js:292:14)
22 silly fetchPackageMetaData     at Request._callback (C:\Users\Cale\AppData\Roaming\npm\node_modules\npm\node_modules\npm-registry-client\lib\request.js:212:14)
22 silly fetchPackageMetaData     at Request.self.callback (C:\Users\Cale\AppData\Roaming\npm\node_modules\npm\node_modules\request\request.js:186:22)
22 silly fetchPackageMetaData     at Request.emit (events.js:182:13)
22 silly fetchPackageMetaData     at Request.<anonymous> (C:\Users\Cale\AppData\Roaming\npm\node_modules\npm\node_modules\request\request.js:1081:10)
22 silly fetchPackageMetaData     at Request.emit (events.js:182:13)
22 silly fetchPackageMetaData     at IncomingMessage.<anonymous> (C:\Users\Cale\AppData\Roaming\npm\node_modules\npm\node_modules\request\request.js:1001:12)
22 silly fetchPackageMetaData     at Object.onceWrapper (events.js:273:13)
22 silly fetchPackageMetaData     at IncomingMessage.emit (events.js:187:15) pkgid: 'moment.js', statusCode: 404, code: 'E404' }
23 silly rollbackFailedOptional Starting
24 silly rollbackFailedOptional Finishing
25 silly runTopLevelLifecycles Finishing
26 silly install printInstalled
27 verbose stack Error: Not found : moment.js
27 verbose stack     at makeError (C:\Users\Cale\AppData\Roaming\npm\node_modules\npm\node_modules\npm-registry-client\lib\request.js:304:12)
27 verbose stack     at CachingRegistryClient.<anonymous> (C:\Users\Cale\AppData\Roaming\npm\node_modules\npm\node_modules\npm-registry-client\lib\request.js:292:14)
27 verbose stack     at Request._callback (C:\Users\Cale\AppData\Roaming\npm\node_modules\npm\node_modules\npm-registry-client\lib\request.js:212:14)
27 verbose stack     at Request.self.callback (C:\Users\Cale\AppData\Roaming\npm\node_modules\npm\node_modules\request\request.js:186:22)
27 verbose stack     at Request.emit (events.js:182:13)
27 verbose stack     at Request.<anonymous> (C:\Users\Cale\AppData\Roaming\npm\node_modules\npm\node_modules\request\request.js:1081:10)
27 verbose stack     at Request.emit (events.js:182:13)
27 verbose stack     at IncomingMessage.<anonymous> (C:\Users\Cale\AppData\Roaming\npm\node_modules\npm\node_modules\request\request.js:1001:12)
27 verbose stack     at Object.onceWrapper (events.js:273:13)
27 verbose stack     at IncomingMessage.emit (events.js:187:15)
28 verbose statusCode 404
29 verbose pkgid moment.js
30 verbose cwd C:\Users\Cale\Desktop\Bloom\Bloom
31 error Windows_NT 10.0.17134
32 error argv "C:\\Program Files\\nodejs\\node.exe" "C:\\Users\\Cale\\AppData\\Roaming\\npm\\node_modules\\npm\\bin\\npm-cli.js" "install" "moment.js"
33 error node v10.15.0
34 error npm  v4.1.1
35 error code E404
36 error 404 Not found : moment.js
37 error 404
38 error 404 'moment.js' is not in the npm registry.
39 error 404 You should bug the author to publish it (or use the name yourself!)
40 error 404 Note that you can also install from a
41 error 404 tarball, folder, http url, or git url.
42 verbose exit [ 1, true ]
